This is XeTeX, Version 3.141592653-2.6-0.999993 (TeX Live 2021/W32TeX) (preloaded format=xelatex 2021.5.1)  6 MAY 2021 22:38
entering extended mode
 restricted \write18 enabled.
 %&-line parsing enabled.
**AHP.tex
(./AHP.tex
LaTeX2e <2020-10-01> patch level 4
L3 programming layer <2021-02-18>
(e:/Program Files (x86)/texlive/2021/texmf-dist/tex/latex/base/article.cls
Document Class: article 2020/04/10 v1.4m Standard LaTeX document class
(e:/Program Files (x86)/texlive/2021/texmf-dist/tex/latex/base/size10.clo
File: size10.clo 2020/04/10 v1.4m Standard LaTeX file (size option)
)
\c@part=\count175
\c@section=\count176
\c@subsection=\count177
\c@subsubsection=\count178
\c@paragraph=\count179
\c@subparagraph=\count180
\c@figure=\count181
\c@table=\count182
\abovecaptionskip=\skip47
\belowcaptionskip=\skip48
\bibindent=\dimen138
)
(e:/Program Files (x86)/texlive/2021/texmf-dist/tex/latex/ctex/ctex.sty
(e:/Program Files (x86)/texlive/2021/texmf-dist/tex/latex/l3kernel/expl3.sty
Package: expl3 2021-02-18 L3 programming layer (loader) 

(e:/Program Files (x86)/texlive/2021/texmf-dist/tex/latex/l3backend/l3backend-x
etex.def
File: l3backend-xetex.def 2021-03-18 L3 backend support: XeTeX
 (|extractbb --version)
\c__kernel_sys_dvipdfmx_version_int=\count183
\l__color_backend_stack_int=\count184
\g__color_backend_stack_int=\count185
\g__graphics_track_int=\count186
\l__pdf_internal_box=\box47
\g__pdf_backend_object_int=\count187
\g__pdf_backend_annotation_int=\count188
\g__pdf_backend_link_int=\count189
))
Package: ctex 2021/03/14 v2.5.6 Chinese adapter in LaTeX (CTEX)

(e:/Program Files (x86)/texlive/2021/texmf-dist/tex/latex/l3packages/xparse/xpa
rse.sty
(e:/Program Files (x86)/texlive/2021/texmf-dist/tex/latex/l3packages/xparse/xpa
rse-2020-10-01.sty
(e:/Program Files (x86)/texlive/2021/texmf-dist/tex/latex/l3packages/xparse/xpa
rse-generic.tex)))
(e:/Program Files (x86)/texlive/2021/texmf-dist/tex/latex/l3packages/l3keys2e/l
3keys2e.sty
Package: l3keys2e 2021-03-12 LaTeX2e option processing using LaTeX3 keys
)
(e:/Program Files (x86)/texlive/2021/texmf-dist/tex/latex/ctex/ctexhook.sty
Package: ctexhook 2021/03/14 v2.5.6 Document and package hooks (CTEX)
)
(e:/Program Files (x86)/texlive/2021/texmf-dist/tex/latex/ctex/ctexpatch.sty
Package: ctexpatch 2021/03/14 v2.5.6 Patching commands (CTEX)
)
(e:/Program Files (x86)/texlive/2021/texmf-dist/tex/latex/base/fix-cm.sty
Package: fix-cm 2015/01/14 v1.1t fixes to LaTeX

(e:/Program Files (x86)/texlive/2021/texmf-dist/tex/latex/base/ts1enc.def
File: ts1enc.def 2001/06/05 v3.0e (jk/car/fm) Standard LaTeX file
LaTeX Font Info:    Redeclaring font encoding TS1 on input line 47.
))
(e:/Program Files (x86)/texlive/2021/texmf-dist/tex/latex/everysel/everysel.sty
Package: everysel 2021/01/20 v2.1 EverySelectfont Package (MS)

(e:/Program Files (x86)/texlive/2021/texmf-dist/tex/latex/everysel/everysel-201
1-10-28.sty))
\l__ctex_tmp_int=\count190
\l__ctex_tmp_box=\box48
\l__ctex_tmp_dim=\dimen139
\g__ctex_section_depth_int=\count191
\g__ctex_font_size_int=\count192

(e:/Program Files (x86)/texlive/2021/texmf-dist/tex/latex/ctex/config/ctexopts.
cfg
File: ctexopts.cfg 2021/03/14 v2.5.6 Option configuration file (CTEX)
)
(e:/Program Files (x86)/texlive/2021/texmf-dist/tex/latex/ctex/engine/ctex-engi
ne-xetex.def
File: ctex-engine-xetex.def 2021/03/14 v2.5.6 XeLaTeX adapter (CTEX)

(e:/Program Files (x86)/texlive/2021/texmf-dist/tex/xelatex/xecjk/xeCJK.sty
Package: xeCJK 2020/10/19 v3.8.6 Typesetting CJK scripts with XeLaTeX

(e:/Program Files (x86)/texlive/2021/texmf-dist/tex/latex/l3packages/xtemplate/
xtemplate.sty
Package: xtemplate 2021-03-12 L3 Experimental prototype document functions
\l__xtemplate_tmp_dim=\dimen140
\l__xtemplate_tmp_int=\count193
\l__xtemplate_tmp_muskip=\muskip16
\l__xtemplate_tmp_skip=\skip49
)
\l__xeCJK_tmp_int=\count194
\l__xeCJK_tmp_box=\box49
\l__xeCJK_tmp_dim=\dimen141
\l__xeCJK_tmp_skip=\skip50
\g__xeCJK_space_factor_int=\count195
\l__xeCJK_begin_int=\count196
\l__xeCJK_end_int=\count197
\c__xeCJK_CJK_class_int=\XeTeXcharclass1
\c__xeCJK_FullLeft_class_int=\XeTeXcharclass2
\c__xeCJK_FullRight_class_int=\XeTeXcharclass3
\c__xeCJK_HalfLeft_class_int=\XeTeXcharclass4
\c__xeCJK_HalfRight_class_int=\XeTeXcharclass5
\c__xeCJK_NormalSpace_class_int=\XeTeXcharclass6
\c__xeCJK_CM_class_int=\XeTeXcharclass7
\c__xeCJK_HangulJamo_class_int=\XeTeXcharclass8
\l__xeCJK_last_skip=\skip51
\g__xeCJK_node_int=\count198
\c__xeCJK_CJK_node_dim=\dimen142
\c__xeCJK_CJK-space_node_dim=\dimen143
\c__xeCJK_default_node_dim=\dimen144
\c__xeCJK_default-space_node_dim=\dimen145
\c__xeCJK_CJK-widow_node_dim=\dimen146
\c__xeCJK_normalspace_node_dim=\dimen147
\l__xeCJK_ccglue_skip=\skip52
\l__xeCJK_ecglue_skip=\skip53
\l__xeCJK_punct_kern_skip=\skip54
\l__xeCJK_last_penalty_int=\count199
\l__xeCJK_last_bound_dim=\dimen148
\l__xeCJK_last_kern_dim=\dimen149
\l__xeCJK_widow_penalty_int=\count266

Package xtemplate Info: Declaring object type 'xeCJK/punctuation' taking 0
(xtemplate)             argument(s) on line 2341.

\l__xeCJK_fixed_punct_width_dim=\dimen150
\l__xeCJK_mixed_punct_width_dim=\dimen151
\l__xeCJK_middle_punct_width_dim=\dimen152
\l__xeCJK_fixed_margin_width_dim=\dimen153
\l__xeCJK_mixed_margin_width_dim=\dimen154
\l__xeCJK_middle_margin_width_dim=\dimen155
\l__xeCJK_bound_punct_width_dim=\dimen156
\l__xeCJK_bound_margin_width_dim=\dimen157
\l__xeCJK_margin_minimum_dim=\dimen158
\l__xeCJK_kerning_total_width_dim=\dimen159
\l__xeCJK_same_align_margin_dim=\dimen160
\l__xeCJK_different_align_margin_dim=\dimen161
\l__xeCJK_kerning_margin_width_dim=\dimen162
\l__xeCJK_kerning_margin_minimum_dim=\dimen163
\l__xeCJK_bound_dim=\dimen164
\l__xeCJK_reverse_bound_dim=\dimen165
\l__xeCJK_margin_dim=\dimen166
\l__xeCJK_minimum_bound_dim=\dimen167
\l__xeCJK_kerning_margin_dim=\dimen168
\g__xeCJK_family_int=\count267
\l__xeCJK_fam_int=\count268
\g__xeCJK_fam_allocation_int=\count269
\l__xeCJK_verb_case_int=\count270
\l__xeCJK_verb_exspace_skip=\skip55

(e:/Program Files (x86)/texlive/2021/texmf-dist/tex/latex/fontspec/fontspec.sty
Package: fontspec 2020/02/21 v2.7i Font selection for XeLaTeX and LuaLaTeX

(e:/Program Files (x86)/texlive/2021/texmf-dist/tex/latex/fontspec/fontspec-xet
ex.sty
Package: fontspec-xetex 2020/02/21 v2.7i Font selection for XeLaTeX and LuaLaTe
X
\l__fontspec_script_int=\count271
\l__fontspec_language_int=\count272
\l__fontspec_strnum_int=\count273
\l__fontspec_tmp_int=\count274
\l__fontspec_tmpa_int=\count275
\l__fontspec_tmpb_int=\count276
\l__fontspec_tmpc_int=\count277
\l__fontspec_em_int=\count278
\l__fontspec_emdef_int=\count279
\l__fontspec_strong_int=\count280
\l__fontspec_strongdef_int=\count281
\l__fontspec_tmpa_dim=\dimen169
\l__fontspec_tmpb_dim=\dimen170
\l__fontspec_tmpc_dim=\dimen171

(e:/Program Files (x86)/texlive/2021/texmf-dist/tex/latex/base/fontenc.sty
Package: fontenc 2020/08/10 v2.0s Standard LaTeX package
)
(e:/Program Files (x86)/texlive/2021/texmf-dist/tex/latex/fontspec/fontspec.cfg
))) (e:/Program Files (x86)/texlive/2021/texmf-dist/tex/xelatex/xecjk/xeCJK.cfg
File: xeCJK.cfg 2020/10/19 v3.8.6 Configuration file for xeCJK package
))
\ccwd=\dimen172
\l__ctex_ccglue_skip=\skip56
)
\l__ctex_ziju_dim=\dimen173

(e:/Program Files (x86)/texlive/2021/texmf-dist/tex/latex/zhnumber/zhnumber.sty
Package: zhnumber 2020/05/01 v2.8 Typesetting numbers with Chinese glyphs
\l__zhnum_scale_int=\count282

(e:/Program Files (x86)/texlive/2021/texmf-dist/tex/latex/zhnumber/zhnumber-utf
8.cfg
File: zhnumber-utf8.cfg 2020/05/01 v2.8 Chinese numerals with UTF8 encoding
))
(e:/Program Files (x86)/texlive/2021/texmf-dist/tex/latex/ctex/scheme/ctex-sche
me-chinese.def
File: ctex-scheme-chinese.def 2021/03/14 v2.5.6 Chinese scheme for generic (CTE
X)

(e:/Program Files (x86)/texlive/2021/texmf-dist/tex/latex/ctex/config/ctex-name
-utf8.cfg
File: ctex-name-utf8.cfg 2021/03/14 v2.5.6 Caption with encoding UTF-8 (CTEX)
))
(e:/Program Files (x86)/texlive/2021/texmf-dist/tex/latex/tools/indentfirst.sty
Package: indentfirst 1995/11/23 v1.03 Indent first paragraph (DPC)
)
(e:/Program Files (x86)/texlive/2021/texmf-dist/tex/latex/ctex/ctex-c5size.clo
File: ctex-c5size.clo 2021/03/14 v2.5.6 c5size option (CTEX)
)
(e:/Program Files (x86)/texlive/2021/texmf-dist/tex/latex/ctex/fontset/ctex-fon
tset-windows.def
File: ctex-fontset-windows.def 2021/03/14 v2.5.6 Windows fonts definition (CTEX
)

Package fontspec Info: Could not resolve font "KaiTi/B" (it probably doesn't
(fontspec)             exist).


Package fontspec Info: Could not resolve font "SimHei/I" (it probably doesn't
(fontspec)             exist).


Package fontspec Info: Could not resolve font "SimSun/BI" (it probably doesn't
(fontspec)             exist).


Package fontspec Info: Font family 'SimSun(0)' created for font 'SimSun' with
(fontspec)             options
(fontspec)             [Script={CJK},BoldFont={SimHei},ItalicFont={KaiTi}].
(fontspec)              
(fontspec)              This font family consists of the following NFSS
(fontspec)             series/shapes:
(fontspec)              
(fontspec)             - 'normal' (m/n) with NFSS spec.:
(fontspec)             <->"SimSun/OT:script=hani;language=dflt;"
(fontspec)             - 'small caps'  (m/sc) with NFSS spec.: 
(fontspec)             - 'bold' (b/n) with NFSS spec.:
(fontspec)             <->"SimHei/OT:script=hani;language=dflt;"
(fontspec)             - 'bold small caps'  (b/sc) with NFSS spec.: 
(fontspec)             - 'italic' (m/it) with NFSS spec.:
(fontspec)             <->"KaiTi/OT:script=hani;language=dflt;"
(fontspec)             - 'italic small caps'  (m/scit) with NFSS spec.: 

))
(e:/Program Files (x86)/texlive/2021/texmf-dist/tex/latex/ctex/config/ctex.cfg
File: ctex.cfg 2021/03/14 v2.5.6 Configuration file (CTEX)
) (e:/Program Files (x86)/texlive/2021/texmf-dist/tex/latex/amsmath/amsmath.sty
Package: amsmath 2020/09/23 v2.17i AMS math features
\@mathmargin=\skip57

For additional information on amsmath, use the `?' option.
(e:/Program Files (x86)/texlive/2021/texmf-dist/tex/latex/amsmath/amstext.sty
Package: amstext 2000/06/29 v2.01 AMS text

(e:/Program Files (x86)/texlive/2021/texmf-dist/tex/latex/amsmath/amsgen.sty
File: amsgen.sty 1999/11/30 v2.0 generic functions
\@emptytoks=\toks15
\ex@=\dimen174
))
(e:/Program Files (x86)/texlive/2021/texmf-dist/tex/latex/amsmath/amsbsy.sty
Package: amsbsy 1999/11/29 v1.2d Bold Symbols
\pmbraise@=\dimen175
)
(e:/Program Files (x86)/texlive/2021/texmf-dist/tex/latex/amsmath/amsopn.sty
Package: amsopn 2016/03/08 v2.02 operator names
)
\inf@bad=\count283
LaTeX Info: Redefining \frac on input line 234.
\uproot@=\count284
\leftroot@=\count285
LaTeX Info: Redefining \overline on input line 399.
\classnum@=\count286
\DOTSCASE@=\count287
LaTeX Info: Redefining \ldots on input line 496.
LaTeX Info: Redefining \dots on input line 499.
LaTeX Info: Redefining \cdots on input line 620.
\Mathstrutbox@=\box50
\strutbox@=\box51
\big@size=\dimen176
LaTeX Font Info:    Redeclaring font encoding OML on input line 743.
LaTeX Font Info:    Redeclaring font encoding OMS on input line 744.
\macc@depth=\count288
\c@MaxMatrixCols=\count289
\dotsspace@=\muskip17
\c@parentequation=\count290
\dspbrk@lvl=\count291
\tag@help=\toks16
\row@=\count292
\column@=\count293
\maxfields@=\count294
\andhelp@=\toks17
\eqnshift@=\dimen177
\alignsep@=\dimen178
\tagshift@=\dimen179
\tagwidth@=\dimen180
\totwidth@=\dimen181
\lineht@=\dimen182
\@envbody=\toks18
\multlinegap=\skip58
\multlinetaggap=\skip59
\mathdisplay@stack=\toks19
LaTeX Info: Redefining \[ on input line 2923.
LaTeX Info: Redefining \] on input line 2924.
)
(e:/Program Files (x86)/texlive/2021/texmf-dist/tex/latex/float/float.sty
Package: float 2001/11/08 v1.3d Float enhancements (AL)
\c@float@type=\count295
\float@exts=\toks20
\float@box=\box52
\@float@everytoks=\toks21
\@floatcapt=\box53
)
(e:/Program Files (x86)/texlive/2021/texmf-dist/tex/latex/subfigure/subfigure.s
ty
Package: subfigure 2002/03/15 v2.1.5 subfigure package
\subfigtopskip=\skip60
\subfigcapskip=\skip61
\subfigcaptopadj=\dimen183
\subfigbottomskip=\skip62
\subfigcapmargin=\dimen184
\subfiglabelskip=\skip63
\c@subfigure=\count296
\c@lofdepth=\count297
\c@subtable=\count298
\c@lotdepth=\count299

****************************************
* Local config file subfigure.cfg used *
****************************************

(e:/Program Files (x86)/texlive/2021/texmf-dist/tex/latex/subfigure/subfigure.c
fg)
\subfig@top=\skip64
\subfig@bottom=\skip65
)
(e:/Program Files (x86)/texlive/2021/texmf-dist/tex/latex/graphics/graphicx.sty
Package: graphicx 2020/09/09 v1.2b Enhanced LaTeX Graphics (DPC,SPQR)
(e:/Program Files (x86)/texlive/2021/texmf-dist/tex/latex/graphics/keyval.sty
Package: keyval 2014/10/28 v1.15 key=value parser (DPC)
\KV@toks@=\toks22
)
(e:/Program Files (x86)/texlive/2021/texmf-dist/tex/latex/graphics/graphics.sty
Package: graphics 2020/08/30 v1.4c Standard LaTeX Graphics (DPC,SPQR)
(e:/Program Files (x86)/texlive/2021/texmf-dist/tex/latex/graphics/trig.sty
Package: trig 2016/01/03 v1.10 sin cos tan (DPC)
)
(e:/Program Files (x86)/texlive/2021/texmf-dist/tex/latex/graphics-cfg/graphics
.cfg
File: graphics.cfg 2016/06/04 v1.11 sample graphics configuration
)
Package graphics Info: Driver file: xetex.def on input line 105.

(e:/Program Files (x86)/texlive/2021/texmf-dist/tex/latex/graphics-def/xetex.de
f
File: xetex.def 2021/03/18 v5.0k Graphics/color driver for xetex
))
\Gin@req@height=\dimen185
\Gin@req@width=\dimen186
)
(e:/Program Files (x86)/texlive/2021/texmf-dist/tex/latex/appendix/appendix.sty
Package: appendix 2020/02/08 v1.2c extra appendix facilities
\c@@pps=\count300
\c@@ppsavesec=\count301
\c@@ppsaveapp=\count302
)
(e:/Program Files (x86)/texlive/2021/texmf-dist/tex/latex/booktabs/booktabs.sty
Package: booktabs 2020/01/12 v1.61803398 Publication quality tables
\heavyrulewidth=\dimen187
\lightrulewidth=\dimen188
\cmidrulewidth=\dimen189
\belowrulesep=\dimen190
\belowbottomsep=\dimen191
\aboverulesep=\dimen192
\abovetopsep=\dimen193
\cmidrulesep=\dimen194
\cmidrulekern=\dimen195
\defaultaddspace=\dimen196
\@cmidla=\count303
\@cmidlb=\count304
\@aboverulesep=\dimen197
\@belowrulesep=\dimen198
\@thisruleclass=\count305
\@lastruleclass=\count306
\@thisrulewidth=\dimen199
) (e:/Program Files (x86)/texlive/2021/texmf-dist/tex/latex/graphics/color.sty
Package: color 2020/02/24 v1.2b Standard LaTeX Color (DPC)

(e:/Program Files (x86)/texlive/2021/texmf-dist/tex/latex/graphics-cfg/color.cf
g
File: color.cfg 2016/01/02 v1.6 sample color configuration
)
Package color Info: Driver file: xetex.def on input line 147.
) (e:/Program Files (x86)/texlive/2021/texmf-dist/tex/latex/xcolor/xcolor.sty
Package: xcolor 2016/05/11 v2.12 LaTeX color extensions (UK)

(e:/Program Files (x86)/texlive/2021/texmf-dist/tex/latex/graphics-cfg/color.cf
g
File: color.cfg 2016/01/02 v1.6 sample color configuration
)
Package xcolor Info: Driver file: xetex.def on input line 225.
LaTeX Info: Redefining \color on input line 709.
Package xcolor Info: Model `cmy' substituted by `cmy0' on input line 1348.
Package xcolor Info: Model `RGB' extended on input line 1364.
Package xcolor Info: Model `HTML' substituted by `rgb' on input line 1366.
Package xcolor Info: Model `Hsb' substituted by `hsb' on input line 1367.
Package xcolor Info: Model `tHsb' substituted by `hsb' on input line 1368.
Package xcolor Info: Model `HSB' substituted by `hsb' on input line 1369.
Package xcolor Info: Model `Gray' substituted by `gray' on input line 1370.
Package xcolor Info: Model `wave' substituted by `hsb' on input line 1371.
) (e:/Program Files (x86)/texlive/2021/texmf-dist/tex/latex/base/textcomp.sty
Package: textcomp 2020/02/02 v2.0n Standard LaTeX package
)
(e:/Program Files (x86)/texlive/2021/texmf-dist/tex/latex/listings/listings.sty
\lst@mode=\count307
\lst@gtempboxa=\box54
\lst@token=\toks23
\lst@length=\count308
\lst@currlwidth=\dimen256
\lst@column=\count309
\lst@pos=\count310
\lst@lostspace=\dimen257
\lst@width=\dimen258
\lst@newlines=\count311
\lst@lineno=\count312
\lst@maxwidth=\dimen259
(e:/Program Files (x86)/texlive/2021/texmf-dist/tex/latex/listings/lstmisc.sty
File: lstmisc.sty 2020/03/24 1.8d (Carsten Heinz)
\c@lstnumber=\count313
\lst@skipnumbers=\count314
\lst@framebox=\box55
)
(e:/Program Files (x86)/texlive/2021/texmf-dist/tex/latex/listings/listings.cfg
File: listings.cfg 2020/03/24 1.8d listings configuration
))
Package: listings 2020/03/24 1.8d (Carsten Heinz)

(e:/Program Files (x86)/texlive/2021/texmf-dist/tex/xelatex/xecjk/xeCJK-listing
s.sty
Package: xeCJK-listings 2020/10/19 v3.8.6 xeCJK patch file for listings
\l__xeCJK_listings_max_char_int=\count315
\l__xeCJK_listings_flag_int=\count316
) (./AHP.aux

LaTeX Warning: Label `tab:my-table' multiply defined.

)
\openout1 = `AHP.aux'.

LaTeX Font Info:    Checking defaults for OML/cmm/m/it on input line 22.
LaTeX Font Info:    ... okay on input line 22.
LaTeX Font Info:    Checking defaults for OMS/cmsy/m/n on input line 22.
LaTeX Font Info:    ... okay on input line 22.
LaTeX Font Info:    Checking defaults for OT1/cmr/m/n on input line 22.
LaTeX Font Info:    ... okay on input line 22.
LaTeX Font Info:    Checking defaults for T1/cmr/m/n on input line 22.
LaTeX Font Info:    ... okay on input line 22.
LaTeX Font Info:    Checking defaults for TS1/cmr/m/n on input line 22.
LaTeX Font Info:    ... okay on input line 22.
LaTeX Font Info:    Checking defaults for TU/lmr/m/n on input line 22.
LaTeX Font Info:    ... okay on input line 22.
LaTeX Font Info:    Checking defaults for OMX/cmex/m/n on input line 22.
LaTeX Font Info:    ... okay on input line 22.
LaTeX Font Info:    Checking defaults for U/cmr/m/n on input line 22.
LaTeX Font Info:    ... okay on input line 22.
 ABD: EverySelectfont initializing macros
LaTeX Info: Redefining \selectfont on input line 22.

Package fontspec Info: Adjusting the maths setup (use [no-math] to avoid
(fontspec)             this).

\symlegacymaths=\mathgroup4
LaTeX Font Info:    Overwriting symbol font `legacymaths' in version `bold'
(Font)                  OT1/cmr/m/n --> OT1/cmr/bx/n on input line 22.
LaTeX Font Info:    Redeclaring math accent \acute on input line 22.
LaTeX Font Info:    Redeclaring math accent \grave on input line 22.
LaTeX Font Info:    Redeclaring math accent \ddot on input line 22.
LaTeX Font Info:    Redeclaring math accent \tilde on input line 22.
LaTeX Font Info:    Redeclaring math accent \bar on input line 22.
LaTeX Font Info:    Redeclaring math accent \breve on input line 22.
LaTeX Font Info:    Redeclaring math accent \check on input line 22.
LaTeX Font Info:    Redeclaring math accent \hat on input line 22.
LaTeX Font Info:    Redeclaring math accent \dot on input line 22.
LaTeX Font Info:    Redeclaring math accent \mathring on input line 22.
LaTeX Font Info:    Redeclaring math symbol \Gamma on input line 22.
LaTeX Font Info:    Redeclaring math symbol \Delta on input line 22.
LaTeX Font Info:    Redeclaring math symbol \Theta on input line 22.
LaTeX Font Info:    Redeclaring math symbol \Lambda on input line 22.
LaTeX Font Info:    Redeclaring math symbol \Xi on input line 22.
LaTeX Font Info:    Redeclaring math symbol \Pi on input line 22.
LaTeX Font Info:    Redeclaring math symbol \Sigma on input line 22.
LaTeX Font Info:    Redeclaring math symbol \Upsilon on input line 22.
LaTeX Font Info:    Redeclaring math symbol \Phi on input line 22.
LaTeX Font Info:    Redeclaring math symbol \Psi on input line 22.
LaTeX Font Info:    Redeclaring math symbol \Omega on input line 22.
LaTeX Font Info:    Redeclaring math symbol \mathdollar on input line 22.
LaTeX Font Info:    Redeclaring symbol font `operators' on input line 22.
LaTeX Font Info:    Encoding `OT1' has changed to `TU' for symbol font
(Font)              `operators' in the math version `normal' on input line 22.
LaTeX Font Info:    Overwriting symbol font `operators' in version `normal'
(Font)                  OT1/cmr/m/n --> TU/lmr/m/n on input line 22.
LaTeX Font Info:    Encoding `OT1' has changed to `TU' for symbol font
(Font)              `operators' in the math version `bold' on input line 22.
LaTeX Font Info:    Overwriting symbol font `operators' in version `bold'
(Font)                  OT1/cmr/bx/n --> TU/lmr/m/n on input line 22.
LaTeX Font Info:    Overwriting symbol font `operators' in version `normal'
(Font)                  TU/lmr/m/n --> TU/lmr/m/n on input line 22.
LaTeX Font Info:    Overwriting math alphabet `\mathit' in version `normal'
(Font)                  OT1/cmr/m/it --> TU/lmr/m/it on input line 22.
LaTeX Font Info:    Overwriting math alphabet `\mathbf' in version `normal'
(Font)                  OT1/cmr/bx/n --> TU/lmr/b/n on input line 22.
LaTeX Font Info:    Overwriting math alphabet `\mathsf' in version `normal'
(Font)                  OT1/cmss/m/n --> TU/lmss/m/n on input line 22.
LaTeX Font Info:    Overwriting math alphabet `\mathtt' in version `normal'
(Font)                  OT1/cmtt/m/n --> TU/lmtt/m/n on input line 22.
LaTeX Font Info:    Overwriting symbol font `operators' in version `bold'
(Font)                  TU/lmr/m/n --> TU/lmr/b/n on input line 22.
LaTeX Font Info:    Overwriting math alphabet `\mathit' in version `bold'
(Font)                  OT1/cmr/bx/it --> TU/lmr/b/it on input line 22.
LaTeX Font Info:    Overwriting math alphabet `\mathsf' in version `bold'
(Font)                  OT1/cmss/bx/n --> TU/lmss/b/n on input line 22.
LaTeX Font Info:    Overwriting math alphabet `\mathtt' in version `bold'
(Font)                  OT1/cmtt/m/n --> TU/lmtt/b/n on input line 22.
\c@lstlisting=\count317


LaTeX Warning: No \author given.


Underfull \hbox (badness 10000) in paragraph at lines 25--27

 []


Underfull \hbox (badness 10000) in paragraph at lines 28--30

 []

[1

]

LaTeX Font Warning: Font shape `OMX/cmex/m/n' in size <10.53937> not available
(Font)              size <10.95> substituted on input line 63.

File: fig/AHP.png Graphic file (type bmp)
<fig/AHP.png>
[2] [3]
Overfull \hbox (2.33975pt too wide) in paragraph at lines 120--148
[]$[]$ $[]$ 
 []


Overfull \hbox (2.33975pt too wide) in paragraph at lines 150--178
[]$[]$ $[]$ 
 []

[4] (./AHP.bbl [5]) [6]
(e:/Program Files (x86)/texlive/2021/texmf-dist/tex/latex/listings/lstlang1.sty
File: lstlang1.sty 2020/03/24 1.8d listings language file
) [7] [8] [9] (./AHP.aux)

LaTeX Font Warning: Size substitutions with differences
(Font)              up to 0.41063pt have occurred.


LaTeX Warning: There were multiply-defined labels.

 ) 
Here is how much of TeX's memory you used:
 9649 strings out of 476919
 231107 string characters out of 5816465
 824290 words of memory out of 5000000
 29480 multiletter control sequences out of 15000+600000
 408714 words of font info for 80 fonts, out of 8000000 for 9000
 1348 hyphenation exceptions out of 8191
 101i,12n,104p,363b,2105s stack positions out of 5000i,500n,10000p,200000b,80000s

Output written on AHP.pdf (9 pages).
